c:\users\nienc\documents\zalo received files\project_2\project_2\project_2\x64\debug\vc143.pdb
c:\users\nienc\documents\zalo received files\project_2\project_2\project_2\x64\debug\vc143.idb
c:\users\nienc\documents\zalo received files\project_2\project_2\project_2\x64\debug\main.obj
c:\users\nienc\documents\zalo received files\project_2\project_2\project_2\x64\debug\project_2.ilk
c:\users\nienc\documents\zalo received files\project_2\project_2\project_2\x64\debug\main.obj.enc
c:\users\nienc\documents\zalo received files\project_2\project_2\x64\debug\project_2.pdb
c:\users\nienc\documents\zalo received files\project_2\project_2\project_2\x64\debug\project_2.tlog\cl.command.1.tlog
c:\users\nienc\documents\zalo received files\project_2\project_2\project_2\x64\debug\project_2.tlog\cl.items.tlog
c:\users\nienc\documents\zalo received files\project_2\project_2\project_2\x64\debug\project_2.tlog\cl.read.1.tlog
c:\users\nienc\documents\zalo received files\project_2\project_2\project_2\x64\debug\project_2.tlog\cl.write.1.tlog
c:\users\nienc\documents\zalo received files\project_2\project_2\project_2\x64\debug\project_2.tlog\link-cvtres.read.1.tlog
c:\users\nienc\documents\zalo received files\project_2\project_2\project_2\x64\debug\project_2.tlog\link-cvtres.write.1.tlog
c:\users\nienc\documents\zalo received files\project_2\project_2\project_2\x64\debug\project_2.tlog\link-rc.read.1.tlog
c:\users\nienc\documents\zalo received files\project_2\project_2\project_2\x64\debug\project_2.tlog\link-rc.write.1.tlog
c:\users\nienc\documents\zalo received files\project_2\project_2\project_2\x64\debug\project_2.tlog\link.17248-cvtres.read.1.tlog
c:\users\nienc\documents\zalo received files\project_2\project_2\project_2\x64\debug\project_2.tlog\link.17248-cvtres.write.1.tlog
c:\users\nienc\documents\zalo received files\project_2\project_2\project_2\x64\debug\project_2.tlog\link.17248-rc.read.1.tlog
c:\users\nienc\documents\zalo received files\project_2\project_2\project_2\x64\debug\project_2.tlog\link.17248-rc.write.1.tlog
c:\users\nienc\documents\zalo received files\project_2\project_2\project_2\x64\debug\project_2.tlog\link.17248.read.1.tlog
c:\users\nienc\documents\zalo received files\project_2\project_2\project_2\x64\debug\project_2.tlog\link.17248.read.2.tlog
c:\users\nienc\documents\zalo received files\project_2\project_2\project_2\x64\debug\project_2.tlog\link.17248.write.1.tlog
c:\users\nienc\documents\zalo received files\project_2\project_2\project_2\x64\debug\project_2.tlog\link.command.1.tlog
c:\users\nienc\documents\zalo received files\project_2\project_2\project_2\x64\debug\project_2.tlog\link.read.1.tlog
c:\users\nienc\documents\zalo received files\project_2\project_2\project_2\x64\debug\project_2.tlog\link.read.2.tlog
c:\users\nienc\documents\zalo received files\project_2\project_2\project_2\x64\debug\project_2.tlog\link.read.3.tlog
c:\users\nienc\documents\zalo received files\project_2\project_2\project_2\x64\debug\project_2.tlog\link.secondary.1.tlog
c:\users\nienc\documents\zalo received files\project_2\project_2\project_2\x64\debug\project_2.tlog\link.write.1.tlog
